{
"contracts/NFTMarketplace.sol":{"l":{"51":9,"52":9,"53":3,"55":6,"59":12,"60":12,"61":1,"63":11,"71":16,"72":16,"73":16,"74":3,"76":13,"97":10,"98":0,"101":10,"102":10,"103":1,"106":9,"107":9,"119":3,"120":3,"121":1,"124":2,"125":2,"127":2,"132":2,"147":1,"148":1,"161":1,"162":0,"164":1,"165":1,"173":2,"174":2,"175":1,"178":1,"180":1,"181":1,"192":2,"196":2},"path":"/Users/jasonwhittaker/Projects/Hawk-NFTs/nftmarketplace/contracts/NFTMarketplace.sol","s":{"1":9,"2":9,"3":12,"4":12,"5":16,"6":16,"7":16,"8":10,"9":10,"10":10,"11":9,"12":3,"13":3,"14":2,"15":2,"16":1,"17":1,"18":1,"19":2,"20":2,"21":1,"22":1,"23":2,"24":2},"b":{"1":[3,6],"2":[1,11],"3":[3,13],"4":[11,1],"5":[10,1],"6":[0,10],"7":[1,9],"8":[4,0],"9":[3,1],"10":[1,2],"11":[2,1],"12":[1,1],"13":[2,1],"14":[2,0],"15":[1,1],"16":[0,1],"17":[1,1],"18":[1,0]},"f":{"1":9,"2":12,"3":16,"4":10,"5":3,"6":1,"7":1,"8":2,"9":2,"10":2},"fnMap":{"1":{"name":"alreadyListed","line":50,"loc":{"start":{"line":50,"column":2},"end":{"line":56,"column":2}}},"2":{"name":"notYetListed","line":58,"loc":{"start":{"line":58,"column":2},"end":{"line":64,"column":2}}},"3":{"name":"isOwner","line":66,"loc":{"start":{"line":66,"column":2},"end":{"line":77,"column":2}}},"4":{"name":"nftItem","line":95,"loc":{"start":{"line":88,"column":2},"end":{"line":108,"column":2}}},"5":{"name":"buyItem","line":117,"loc":{"start":{"line":110,"column":2},"end":{"line":133,"column":2}}},"6":{"name":"cancelListing","line":145,"loc":{"start":{"line":139,"column":2},"end":{"line":149,"column":2}}},"7":{"name":"updateListing","line":159,"loc":{"start":{"line":151,"column":2},"end":{"line":166,"column":2}}},"8":{"name":"withdrawProceeds","line":172,"loc":{"start":{"line":172,"column":2},"end":{"line":182,"column":2}}},"9":{"name":"getListing","line":188,"loc":{"start":{"line":188,"column":2},"end":{"line":193,"column":2}}},"10":{"name":"getProceeds","line":195,"loc":{"start":{"line":195,"column":2},"end":{"line":197,"column":2}}}},"statementMap":{"1":{"start":{"line":51,"column":4},"end":{"line":51,"column":60}},"2":{"start":{"line":52,"column":4},"end":{"line":52,"column":1398}},"3":{"start":{"line":59,"column":4},"end":{"line":59,"column":60}},"4":{"start":{"line":60,"column":4},"end":{"line":60,"column":1621}},"5":{"start":{"line":71,"column":4},"end":{"line":71,"column":37}},"6":{"start":{"line":72,"column":4},"end":{"line":72,"column":40}},"7":{"start":{"line":73,"column":4},"end":{"line":73,"column":1894}},"8":{"start":{"line":97,"column":4},"end":{"line":97,"column":2411}},"9":{"start":{"line":101,"column":4},"end":{"line":101,"column":37}},"10":{"start":{"line":102,"column":4},"end":{"line":102,"column":2516}},"11":{"start":{"line":107,"column":4},"end":{"line":107,"column":59}},"12":{"start":{"line":119,"column":4},"end":{"line":119,"column":63}},"13":{"start":{"line":120,"column":4},"end":{"line":120,"column":3018}},"14":{"start":{"line":127,"column":4},"end":{"line":127,"column":3225}},"15":{"start":{"line":132,"column":4},"end":{"line":132,"column":70}},"16":{"start":{"line":148,"column":4},"end":{"line":148,"column":55}},"17":{"start":{"line":161,"column":4},"end":{"line":161,"column":3957}},"18":{"start":{"line":165,"column":4},"end":{"line":165,"column":62}},"19":{"start":{"line":173,"column":4},"end":{"line":173,"column":45}},"20":{"start":{"line":174,"column":4},"end":{"line":174,"column":4308}},"21":{"start":{"line":180,"column":4},"end":{"line":180,"column":68}},"22":{"start":{"line":181,"column":4},"end":{"line":181,"column":51}},"23":{"start":{"line":192,"column":4},"end":{"line":192,"column":42}},"24":{"start":{"line":196,"column":4},"end":{"line":196,"column":29}}},"branchMap":{"1":{"line":52,"type":"if","locations":[{"start":{"line":52,"column":4},"end":{"line":52,"column":4}},{"start":{"line":52,"column":4},"end":{"line":52,"column":4}}]},"2":{"line":60,"type":"if","locations":[{"start":{"line":60,"column":4},"end":{"line":60,"column":4}},{"start":{"line":60,"column":4},"end":{"line":60,"column":4}}]},"3":{"line":73,"type":"if","locations":[{"start":{"line":73,"column":4},"end":{"line":73,"column":4}},{"start":{"line":73,"column":4},"end":{"line":73,"column":4}}]},"4":{"line":94,"type":"if","locations":[{"start":{"line":94,"column":4},"end":{"line":94,"column":4}},{"start":{"line":94,"column":4},"end":{"line":94,"column":4}}]},"5":{"line":95,"type":"if","locations":[{"start":{"line":95,"column":4},"end":{"line":95,"column":4}},{"start":{"line":95,"column":4},"end":{"line":95,"column":4}}]},"6":{"line":97,"type":"if","locations":[{"start":{"line":97,"column":4},"end":{"line":97,"column":4}},{"start":{"line":97,"column":4},"end":{"line":97,"column":4}}]},"7":{"line":102,"type":"if","locations":[{"start":{"line":102,"column":4},"end":{"line":102,"column":4}},{"start":{"line":102,"column":4},"end":{"line":102,"column":4}}]},"8":{"line":116,"type":"if","locations":[{"start":{"line":116,"column":4},"end":{"line":116,"column":4}},{"start":{"line":116,"column":4},"end":{"line":116,"column":4}}]},"9":{"line":117,"type":"if","locations":[{"start":{"line":117,"column":4},"end":{"line":117,"column":4}},{"start":{"line":117,"column":4},"end":{"line":117,"column":4}}]},"10":{"line":120,"type":"if","locations":[{"start":{"line":120,"column":4},"end":{"line":120,"column":4}},{"start":{"line":120,"column":4},"end":{"line":120,"column":4}}]},"11":{"line":144,"type":"if","locations":[{"start":{"line":144,"column":4},"end":{"line":144,"column":4}},{"start":{"line":144,"column":4},"end":{"line":144,"column":4}}]},"12":{"line":145,"type":"if","locations":[{"start":{"line":145,"column":4},"end":{"line":145,"column":4}},{"start":{"line":145,"column":4},"end":{"line":145,"column":4}}]},"13":{"line":157,"type":"if","locations":[{"start":{"line":157,"column":4},"end":{"line":157,"column":4}},{"start":{"line":157,"column":4},"end":{"line":157,"column":4}}]},"14":{"line":158,"type":"if","locations":[{"start":{"line":158,"column":4},"end":{"line":158,"column":4}},{"start":{"line":158,"column":4},"end":{"line":158,"column":4}}]},"15":{"line":159,"type":"if","locations":[{"start":{"line":159,"column":4},"end":{"line":159,"column":4}},{"start":{"line":159,"column":4},"end":{"line":159,"column":4}}]},"16":{"line":161,"type":"if","locations":[{"start":{"line":161,"column":4},"end":{"line":161,"column":4}},{"start":{"line":161,"column":4},"end":{"line":161,"column":4}}]},"17":{"line":174,"type":"if","locations":[{"start":{"line":174,"column":4},"end":{"line":174,"column":4}},{"start":{"line":174,"column":4},"end":{"line":174,"column":4}}]},"18":{"line":181,"type":"if","locations":[{"start":{"line":181,"column":4},"end":{"line":181,"column":4}},{"start":{"line":181,"column":4},"end":{"line":181,"column":4}}]}}},
"contracts/test/BasicNft.sol":{"l":{"14":3,"18":14,"19":14,"20":14,"26":0,"30":0,"34":0},"path":"/Users/jasonwhittaker/Projects/Hawk-NFTs/nftmarketplace/contracts/test/BasicNft.sol","s":{"1":14,"2":14,"3":0,"4":0,"5":0},"b":{"1":[0,0]},"f":{"1":3,"2":14,"3":0,"4":0},"fnMap":{"1":{"name":"constructor","line":13,"loc":{"start":{"line":13,"column":2},"end":{"line":15,"column":2}}},"2":{"name":"mintNft","line":17,"loc":{"start":{"line":17,"column":2},"end":{"line":21,"column":2}}},"3":{"name":"tokenURI","line":23,"loc":{"start":{"line":23,"column":2},"end":{"line":31,"column":2}}},"4":{"name":"getTokenAccount","line":33,"loc":{"start":{"line":33,"column":2},"end":{"line":35,"column":2}}}},"statementMap":{"1":{"start":{"line":18,"column":4},"end":{"line":18,"column":40}},"2":{"start":{"line":19,"column":4},"end":{"line":19,"column":34}},"3":{"start":{"line":26,"column":4},"end":{"line":26,"column":686}},"4":{"start":{"line":30,"column":4},"end":{"line":30,"column":20}},"5":{"start":{"line":34,"column":4},"end":{"line":34,"column":25}}},"branchMap":{"1":{"line":26,"type":"if","locations":[{"start":{"line":26,"column":4},"end":{"line":26,"column":4}},{"start":{"line":26,"column":4},"end":{"line":26,"column":4}}]}}},
"contracts/test/BasicNftTwo.sol":{"l":{"14":0,"18":0,"19":0,"20":0,"26":0,"30":0,"34":0},"path":"/Users/jasonwhittaker/Projects/Hawk-NFTs/nftmarketplace/contracts/test/BasicNftTwo.sol","s":{"1":0,"2":0,"3":0,"4":0,"5":0},"b":{"1":[0,0]},"f":{"1":0,"2":0,"3":0,"4":0},"fnMap":{"1":{"name":"constructor","line":13,"loc":{"start":{"line":13,"column":2},"end":{"line":15,"column":2}}},"2":{"name":"mintNft","line":17,"loc":{"start":{"line":17,"column":2},"end":{"line":21,"column":2}}},"3":{"name":"tokenURI","line":23,"loc":{"start":{"line":23,"column":2},"end":{"line":31,"column":2}}},"4":{"name":"getTokenCounter","line":33,"loc":{"start":{"line":33,"column":2},"end":{"line":35,"column":2}}}},"statementMap":{"1":{"start":{"line":18,"column":4},"end":{"line":18,"column":40}},"2":{"start":{"line":19,"column":4},"end":{"line":19,"column":34}},"3":{"start":{"line":26,"column":4},"end":{"line":26,"column":655}},"4":{"start":{"line":30,"column":4},"end":{"line":30,"column":20}},"5":{"start":{"line":34,"column":4},"end":{"line":34,"column":25}}},"branchMap":{"1":{"line":26,"type":"if","locations":[{"start":{"line":26,"column":4},"end":{"line":26,"column":4}},{"start":{"line":26,"column":4},"end":{"line":26,"column":4}}]}}}}
