TN:
SF:/Users/jasonwhittaker/Projects/Hawk-NFTs/nftmarketplace/contracts/NFTMarketplace.sol
FN:50,alreadyListed
FN:58,notYetListed
FN:66,isOwner
FN:95,nftItem
FN:117,buyItem
FN:145,cancelListing
FN:159,updateListing
FN:172,withdrawProceeds
FN:188,getListing
FN:195,getProceeds
FNF:10
FNH:10
FNDA:9,alreadyListed
FNDA:12,notYetListed
FNDA:16,isOwner
FNDA:10,nftItem
FNDA:3,buyItem
FNDA:1,cancelListing
FNDA:1,updateListing
FNDA:2,withdrawProceeds
FNDA:2,getListing
FNDA:2,getProceeds
DA:51,9
DA:52,9
DA:53,3
DA:55,6
DA:59,12
DA:60,12
DA:61,1
DA:63,11
DA:71,16
DA:72,16
DA:73,16
DA:74,3
DA:76,13
DA:97,10
DA:98,0
DA:101,10
DA:102,10
DA:103,1
DA:106,9
DA:107,9
DA:119,3
DA:120,3
DA:121,1
DA:124,2
DA:125,2
DA:127,2
DA:132,2
DA:147,1
DA:148,1
DA:161,1
DA:162,0
DA:164,1
DA:165,1
DA:173,2
DA:174,2
DA:175,1
DA:178,1
DA:180,1
DA:181,1
DA:192,2
DA:196,2
LF:41
LH:39
BRDA:52,1,0,3
BRDA:52,1,1,6
BRDA:60,2,0,1
BRDA:60,2,1,11
BRDA:73,3,0,3
BRDA:73,3,1,13
BRDA:94,4,0,11
BRDA:94,4,1,1
BRDA:95,5,0,10
BRDA:95,5,1,1
BRDA:97,6,0,0
BRDA:97,6,1,10
BRDA:102,7,0,1
BRDA:102,7,1,9
BRDA:116,8,0,4
BRDA:116,8,1,0
BRDA:117,9,0,3
BRDA:117,9,1,1
BRDA:120,10,0,1
BRDA:120,10,1,2
BRDA:144,11,0,2
BRDA:144,11,1,1
BRDA:145,12,0,1
BRDA:145,12,1,1
BRDA:157,13,0,2
BRDA:157,13,1,1
BRDA:158,14,0,2
BRDA:158,14,1,0
BRDA:159,15,0,1
BRDA:159,15,1,1
BRDA:161,16,0,0
BRDA:161,16,1,1
BRDA:174,17,0,1
BRDA:174,17,1,1
BRDA:181,18,0,1
BRDA:181,18,1,0
BRF:36
BRH:31
end_of_record
TN:
SF:/Users/jasonwhittaker/Projects/Hawk-NFTs/nftmarketplace/contracts/test/BasicNft.sol
FN:13,constructor
FN:17,mintNft
FN:23,tokenURI
FN:33,getTokenAccount
FNF:4
FNH:2
FNDA:3,constructor
FNDA:14,mintNft
FNDA:0,tokenURI
FNDA:0,getTokenAccount
DA:14,3
DA:18,14
DA:19,14
DA:20,14
DA:26,0
DA:30,0
DA:34,0
LF:7
LH:4
BRDA:26,1,0,0
BRDA:26,1,1,0
BRF:2
BRH:0
end_of_record
TN:
SF:/Users/jasonwhittaker/Projects/Hawk-NFTs/nftmarketplace/contracts/test/BasicNftTwo.sol
FN:13,constructor
FN:17,mintNft
FN:23,tokenURI
FN:33,getTokenCounter
FNF:4
FNH:0
FNDA:0,constructor
FNDA:0,mintNft
FNDA:0,tokenURI
FNDA:0,getTokenCounter
DA:14,0
DA:18,0
DA:19,0
DA:20,0
DA:26,0
DA:30,0
DA:34,0
LF:7
LH:0
BRDA:26,1,0,0
BRDA:26,1,1,0
BRF:2
BRH:0
end_of_record
